CRITICAL - 2022-01-26 04:54:08 --> Call to undefined function form_open_multipart()
#0 /Applications/MAMP/htdocs/RoqGym/system/View/View.php(214): include()
#1 /Applications/MAMP/htdocs/RoqGym/system/View/View.php(217): CodeIgniter\View\View->CodeIgniter\View\{closure}()
#2 /Applications/MAMP/htdocs/RoqGym/system/Common.php(1097): CodeIgniter\View\View->render('home', Array, true)
#3 /Applications/MAMP/htdocs/RoqGym/app/Controllers/Home.php(10): view('home')
#4 /Applications/MAMP/htdocs/RoqGym/system/CodeIgniter.php(824): App\Controllers\Home->index()
#5 /Applications/MAMP/htdocs/RoqGym/system/CodeIgniter.php(410): CodeIgniter\CodeIgniter->runController(Object(App\Controllers\Home))
#6 /Applications/MAMP/htdocs/RoqGym/system/CodeIgniter.php(318): CodeIgniter\CodeIgniter->handleRequest(NULL, Object(Config\Cache), false)
#7 /Applications/MAMP/htdocs/RoqGym/public/index.php(37): CodeIgniter\CodeIgniter->run()
#8 /Applications/MAMP/htdocs/RoqGym/system/Commands/Server/rewrite.php(43): require_once('/Applications/M...')
#9 {main}
CRITICAL - 2022-01-26 04:55:27 --> Call to undefined function form_open_multipart()
#0 /Applications/MAMP/htdocs/RoqGym/system/View/View.php(214): include()
#1 /Applications/MAMP/htdocs/RoqGym/system/View/View.php(217): CodeIgniter\View\View->CodeIgniter\View\{closure}()
#2 /Applications/MAMP/htdocs/RoqGym/system/Common.php(1097): CodeIgniter\View\View->render('home', Array, true)
#3 /Applications/MAMP/htdocs/RoqGym/app/Controllers/Home.php(10): view('home')
#4 /Applications/MAMP/htdocs/RoqGym/system/CodeIgniter.php(824): App\Controllers\Home->index()
#5 /Applications/MAMP/htdocs/RoqGym/system/CodeIgniter.php(410): CodeIgniter\CodeIgniter->runController(Object(App\Controllers\Home))
#6 /Applications/MAMP/htdocs/RoqGym/system/CodeIgniter.php(318): CodeIgniter\CodeIgniter->handleRequest(NULL, Object(Config\Cache), false)
#7 /Applications/MAMP/htdocs/RoqGym/public/index.php(37): CodeIgniter\CodeIgniter->run()
#8 /Applications/MAMP/htdocs/RoqGym/system/Commands/Server/rewrite.php(43): require_once('/Applications/M...')
#9 {main}
CRITICAL - 2022-01-26 06:01:51 --> Undefined variable: title
#0 /Applications/MAMP/htdocs/RoqGym/app/Views/layout/signed/header.php(7): CodeIgniter\Debug\Exceptions->errorHandler(8, 'Undefined varia...', '/Applications/M...', 7, Array)
#1 /Applications/MAMP/htdocs/RoqGym/system/View/View.php(214): include('/Applications/M...')
#2 /Applications/MAMP/htdocs/RoqGym/system/View/View.php(217): CodeIgniter\View\View->CodeIgniter\View\{closure}()
#3 /Applications/MAMP/htdocs/RoqGym/system/Common.php(1097): CodeIgniter\View\View->render('layout/signed/h...', Array, true)
#4 /Applications/MAMP/htdocs/RoqGym/app/Controllers/Dashboard.php(11): view('layout/signed/h...')
#5 /Applications/MAMP/htdocs/RoqGym/system/CodeIgniter.php(824): App\Controllers\Dashboard->index()
#6 /Applications/MAMP/htdocs/RoqGym/system/CodeIgniter.php(410): CodeIgniter\CodeIgniter->runController(Object(App\Controllers\Dashboard))
#7 /Applications/MAMP/htdocs/RoqGym/system/CodeIgniter.php(318): CodeIgniter\CodeIgniter->handleRequest(NULL, Object(Config\Cache), false)
#8 /Applications/MAMP/htdocs/RoqGym/public/index.php(37): CodeIgniter\CodeIgniter->run()
#9 /Applications/MAMP/htdocs/RoqGym/system/Commands/Server/rewrite.php(43): require_once('/Applications/M...')
#10 {main}
CRITICAL - 2022-01-26 06:16:16 --> Invalid file: layout/signed/navba.php
#0 /Applications/MAMP/htdocs/RoqGym/system/View/View.php(198): CodeIgniter\Exceptions\FrameworkException::forInvalidFile('layout/signed/n...')
#1 /Applications/MAMP/htdocs/RoqGym/system/Common.php(1097): CodeIgniter\View\View->render('layout/signed/n...', Array, true)
#2 /Applications/MAMP/htdocs/RoqGym/app/Controllers/Dashboard.php(14): view('layout/signed/n...')
#3 /Applications/MAMP/htdocs/RoqGym/system/CodeIgniter.php(824): App\Controllers\Dashboard->index()
#4 /Applications/MAMP/htdocs/RoqGym/system/CodeIgniter.php(410): CodeIgniter\CodeIgniter->runController(Object(App\Controllers\Dashboard))
#5 /Applications/MAMP/htdocs/RoqGym/system/CodeIgniter.php(318): CodeIgniter\CodeIgniter->handleRequest(NULL, Object(Config\Cache), false)
#6 /Applications/MAMP/htdocs/RoqGym/public/index.php(37): CodeIgniter\CodeIgniter->run()
#7 /Applications/MAMP/htdocs/RoqGym/system/Commands/Server/rewrite.php(43): require_once('/Applications/M...')
#8 {main}
