CRITICAL - 2022-03-23 10:02:28 --> Undefined property: stdClass::$gende
#0 /Applications/MAMP/htdocs/RoqGym/app/Views/user/editprofile.php(24): CodeIgniter\Debug\Exceptions->errorHandler(8, 'Undefined prope...', '/Applications/M...', 24, Array)
#1 /Applications/MAMP/htdocs/RoqGym/system/View/View.php(214): include('/Applications/M...')
#2 /Applications/MAMP/htdocs/RoqGym/system/View/View.php(217): CodeIgniter\View\View->CodeIgniter\View\{closure}()
#3 /Applications/MAMP/htdocs/RoqGym/system/Common.php(1097): CodeIgniter\View\View->render('user/editprofil...', Array, true)
#4 /Applications/MAMP/htdocs/RoqGym/app/Controllers/User/Profile.php(27): view('user/editprofil...', Array)
#5 /Applications/MAMP/htdocs/RoqGym/system/CodeIgniter.php(824): App\Controllers\User\Profile->getEdit('1')
#6 /Applications/MAMP/htdocs/RoqGym/system/CodeIgniter.php(410): CodeIgniter\CodeIgniter->runController(Object(App\Controllers\User\Profile))
#7 /Applications/MAMP/htdocs/RoqGym/system/CodeIgniter.php(318): CodeIgniter\CodeIgniter->handleRequest(NULL, Object(Config\Cache), false)
#8 /Applications/MAMP/htdocs/RoqGym/public/index.php(37): CodeIgniter\CodeIgniter->run()
#9 /Applications/MAMP/htdocs/RoqGym/system/Commands/Server/rewrite.php(43): require_once('/Applications/M...')
#10 {main}
CRITICAL - 2022-03-23 10:02:32 --> Undefined property: stdClass::$gende
#0 /Applications/MAMP/htdocs/RoqGym/app/Views/user/editprofile.php(24): CodeIgniter\Debug\Exceptions->errorHandler(8, 'Undefined prope...', '/Applications/M...', 24, Array)
#1 /Applications/MAMP/htdocs/RoqGym/system/View/View.php(214): include('/Applications/M...')
#2 /Applications/MAMP/htdocs/RoqGym/system/View/View.php(217): CodeIgniter\View\View->CodeIgniter\View\{closure}()
#3 /Applications/MAMP/htdocs/RoqGym/system/Common.php(1097): CodeIgniter\View\View->render('user/editprofil...', Array, true)
#4 /Applications/MAMP/htdocs/RoqGym/app/Controllers/User/Profile.php(27): view('user/editprofil...', Array)
#5 /Applications/MAMP/htdocs/RoqGym/system/CodeIgniter.php(824): App\Controllers\User\Profile->getEdit('1')
#6 /Applications/MAMP/htdocs/RoqGym/system/CodeIgniter.php(410): CodeIgniter\CodeIgniter->runController(Object(App\Controllers\User\Profile))
#7 /Applications/MAMP/htdocs/RoqGym/system/CodeIgniter.php(318): CodeIgniter\CodeIgniter->handleRequest(NULL, Object(Config\Cache), false)
#8 /Applications/MAMP/htdocs/RoqGym/public/index.php(37): CodeIgniter\CodeIgniter->run()
#9 /Applications/MAMP/htdocs/RoqGym/system/Commands/Server/rewrite.php(43): require_once('/Applications/M...')
#10 {main}
