CRITICAL - 2022-01-22 10:15:07 --> The framework needs the following extension(s) installed and loaded: intl.
#0 /Users/Roqeeb/Documents/RoqGym/system/CodeIgniter.php(219): CodeIgniter\Exceptions\FrameworkException::forMissingExtension('intl')
#1 /Users/Roqeeb/Documents/RoqGym/system/CodeIgniter.php(177): CodeIgniter\CodeIgniter->resolvePlatformExtensions()
#2 /Users/Roqeeb/Documents/RoqGym/system/bootstrap.php(146): CodeIgniter\CodeIgniter->initialize()
#3 /Users/Roqeeb/Documents/RoqGym/spark(45): require('/Users/Roqeeb/D...')
#4 {main}
CRITICAL - 2022-01-22 10:17:45 --> The framework needs the following extension(s) installed and loaded: intl.
#0 /Users/Roqeeb/Documents/RoqGym/system/CodeIgniter.php(219): CodeIgniter\Exceptions\FrameworkException::forMissingExtension('intl')
#1 /Users/Roqeeb/Documents/RoqGym/system/CodeIgniter.php(177): CodeIgniter\CodeIgniter->resolvePlatformExtensions()
#2 /Users/Roqeeb/Documents/RoqGym/system/bootstrap.php(146): CodeIgniter\CodeIgniter->initialize()
#3 /Users/Roqeeb/Documents/RoqGym/spark(45): require('/Users/Roqeeb/D...')
#4 {main}
CRITICAL - 2022-01-22 10:20:52 --> The framework needs the following extension(s) installed and loaded: intl.
#0 /Users/Roqeeb/Documents/RoqGym/system/CodeIgniter.php(219): CodeIgniter\Exceptions\FrameworkException::forMissingExtension('intl')
#1 /Users/Roqeeb/Documents/RoqGym/system/CodeIgniter.php(177): CodeIgniter\CodeIgniter->resolvePlatformExtensions()
#2 /Users/Roqeeb/Documents/RoqGym/system/bootstrap.php(146): CodeIgniter\CodeIgniter->initialize()
#3 /Users/Roqeeb/Documents/RoqGym/spark(45): require('/Users/Roqeeb/D...')
#4 {main}
CRITICAL - 2022-01-22 10:57:00 --> The framework needs the following extension(s) installed and loaded: intl.
#0 /Users/Roqeeb/Documents/RoqGym/system/CodeIgniter.php(219): CodeIgniter\Exceptions\FrameworkException::forMissingExtension('intl')
#1 /Users/Roqeeb/Documents/RoqGym/system/CodeIgniter.php(177): CodeIgniter\CodeIgniter->resolvePlatformExtensions()
#2 /Users/Roqeeb/Documents/RoqGym/system/bootstrap.php(146): CodeIgniter\CodeIgniter->initialize()
#3 /Users/Roqeeb/Documents/RoqGym/spark(45): require('/Users/Roqeeb/D...')
#4 {main}
CRITICAL - 2022-01-22 11:36:09 --> The framework needs the following extension(s) installed and loaded: intl.
#0 /Users/Roqeeb/Documents/RoqGym/system/CodeIgniter.php(219): CodeIgniter\Exceptions\FrameworkException::forMissingExtension('intl')
#1 /Users/Roqeeb/Documents/RoqGym/system/CodeIgniter.php(177): CodeIgniter\CodeIgniter->resolvePlatformExtensions()
#2 /Users/Roqeeb/Documents/RoqGym/system/bootstrap.php(146): CodeIgniter\CodeIgniter->initialize()
#3 /Users/Roqeeb/Documents/RoqGym/spark(45): require('/Users/Roqeeb/D...')
#4 {main}
CRITICAL - 2022-01-22 11:36:11 --> The framework needs the following extension(s) installed and loaded: intl.
#0 /Users/Roqeeb/Documents/RoqGym/system/CodeIgniter.php(219): CodeIgniter\Exceptions\FrameworkException::forMissingExtension('intl')
#1 /Users/Roqeeb/Documents/RoqGym/system/CodeIgniter.php(177): CodeIgniter\CodeIgniter->resolvePlatformExtensions()
#2 /Users/Roqeeb/Documents/RoqGym/system/bootstrap.php(146): CodeIgniter\CodeIgniter->initialize()
#3 /Users/Roqeeb/Documents/RoqGym/spark(45): require('/Users/Roqeeb/D...')
#4 {main}
CRITICAL - 2022-01-22 11:36:59 --> The framework needs the following extension(s) installed and loaded: intl.
#0 /Users/Roqeeb/Documents/RoqGym/system/CodeIgniter.php(219): CodeIgniter\Exceptions\FrameworkException::forMissingExtension('intl')
#1 /Users/Roqeeb/Documents/RoqGym/system/CodeIgniter.php(177): CodeIgniter\CodeIgniter->resolvePlatformExtensions()
#2 /Users/Roqeeb/Documents/RoqGym/system/bootstrap.php(146): CodeIgniter\CodeIgniter->initialize()
#3 /Users/Roqeeb/Documents/RoqGym/spark(45): require('/Users/Roqeeb/D...')
#4 {main}
CRITICAL - 2022-01-22 11:43:00 --> The framework needs the following extension(s) installed and loaded: intl.
#0 /Applications/MAMP/htdocs/RoqGym/system/CodeIgniter.php(219): CodeIgniter\Exceptions\FrameworkException::forMissingExtension('intl')
#1 /Applications/MAMP/htdocs/RoqGym/system/CodeIgniter.php(177): CodeIgniter\CodeIgniter->resolvePlatformExtensions()
#2 /Applications/MAMP/htdocs/RoqGym/system/bootstrap.php(146): CodeIgniter\CodeIgniter->initialize()
#3 /Applications/MAMP/htdocs/RoqGym/spark(45): require('/Applications/M...')
#4 {main}
ERROR - 2022-01-22 05:49:43 --> Error connecting to the database: No such file or directory
ERROR - 2022-01-22 05:50:26 --> Error connecting to the database: No such file or directory
ERROR - 2022-01-22 06:02:43 --> Error connecting to the database: No such file or directory
CRITICAL - 2022-01-22 06:12:23 --> Undefined property: App\Controllers\Home::$load
#0 /Applications/MAMP/htdocs/RoqGym/app/Controllers/Home.php(9): CodeIgniter\Debug\Exceptions->errorHandler(8, 'Undefined prope...', '/Applications/M...', 9, Array)
#1 /Applications/MAMP/htdocs/RoqGym/system/CodeIgniter.php(824): App\Controllers\Home->index()
#2 /Applications/MAMP/htdocs/RoqGym/system/CodeIgniter.php(410): CodeIgniter\CodeIgniter->runController(Object(App\Controllers\Home))
#3 /Applications/MAMP/htdocs/RoqGym/system/CodeIgniter.php(318): CodeIgniter\CodeIgniter->handleRequest(NULL, Object(Config\Cache), false)
#4 /Applications/MAMP/htdocs/RoqGym/public/index.php(37): CodeIgniter\CodeIgniter->run()
#5 /Applications/MAMP/htdocs/RoqGym/system/Commands/Server/rewrite.php(43): require_once('/Applications/M...')
#6 {main}
CRITICAL - 2022-01-22 06:13:32 --> Object of class CodeIgniter\Database\MySQLi\Connection could not be converted to string
#0 /Applications/MAMP/htdocs/RoqGym/system/CodeIgniter.php(824): App\Controllers\Home->index()
#1 /Applications/MAMP/htdocs/RoqGym/system/CodeIgniter.php(410): CodeIgniter\CodeIgniter->runController(Object(App\Controllers\Home))
#2 /Applications/MAMP/htdocs/RoqGym/system/CodeIgniter.php(318): CodeIgniter\CodeIgniter->handleRequest(NULL, Object(Config\Cache), false)
#3 /Applications/MAMP/htdocs/RoqGym/public/index.php(37): CodeIgniter\CodeIgniter->run()
#4 /Applications/MAMP/htdocs/RoqGym/system/Commands/Server/rewrite.php(43): require_once('/Applications/M...')
#5 {main}
ERROR - 2022-01-22 06:15:57 --> Error connecting to the database: No such file or directory
ERROR - 2022-01-22 06:20:11 --> Error connecting to the database: No such file or directory
ERROR - 2022-01-22 06:32:22 --> Error connecting to the database: No such file or directory
ERROR - 2022-01-22 06:33:05 --> Error connecting to the database: No such file or directory
